Arguments: 
  C:\Program Files\nodejs\node.exe C:\Users\Selly\AppData\Roaming\npm\node_modules\yarn\bin\yarn.js add axoios --save

PATH: 
  C:\Windows\system32;C:\Windows;C:\Windows\System32\Wbem;C:\Windows\System32\WindowsPowerShell\v1.0\;C:\Windows\System32\OpenSSH\;C:\Program Files (x86)\NVIDIA Corporation\PhysX\Common;C:\Program Files\NVIDIA Corporation\NVIDIA NvDLISR;C:\Program Files\Git\cmd;C:\Program Files\nodejs\;C:\Program Files (x86)\ossutil64;C:\Program Files (x86)\GnuWin32\bin;C:\Users\Selly\AppData\Local\Yarn\bin;C:\Users\Selly\AppData\Local\Microsoft\WindowsApps;C:\Users\Selly\AppData\Local\Programs\Microsoft VS Code\bin;C:\Users\Selly\AppData\Roaming\npm

Yarn version: 
  1.22.10

Node version: 
  14.16.1

Platform: 
  win32 x64

Trace: 
  Error: https://registry.npm.taobao.org/axoios: Not found
      at Request.params.callback [as _callback] (C:\Users\Selly\AppData\Roaming\npm\node_modules\yarn\lib\cli.js:66988:18)
      at Request.self.callback (C:\Users\Selly\AppData\Roaming\npm\node_modules\yarn\lib\cli.js:140662:22)
      at Request.emit (events.js:315:20)
      at Request.<anonymous> (C:\Users\Selly\AppData\Roaming\npm\node_modules\yarn\lib\cli.js:141634:10)
      at Request.emit (events.js:315:20)
      at IncomingMessage.<anonymous> (C:\Users\Selly\AppData\Roaming\npm\node_modules\yarn\lib\cli.js:141556:12)
      at Object.onceWrapper (events.js:421:28)
      at IncomingMessage.emit (events.js:327:22)
      at endReadableNT (internal/streams/readable.js:1327:12)
      at processTicksAndRejections (internal/process/task_queues.js:80:21)

npm manifest: 
  {
    "name": "realworld-nuxtjs",
    "version": "1.0.0",
    "description": "",
    "main": "index.js",
    "dependencies": {
      "nuxt": "^2.15.7"
    },
    "devDependencies": {},
    "scripts": {
      "dev":"nuxt"
    },
    "keywords": [],
    "author": "",
    "license": "ISC"
  }

yarn manifest: 
  No manifest

Lockfile: 
  No lockfile
